<?xml version="1.0" encoding="UTF-8"?>
<!-- Generated by org.testng.reporters.JUnitXMLReporter -->
<testsuite ignored="0" hostname="preetis-MacBook-Pro.local" failures="0" tests="3" name="Surefire test" time="21.156" errors="0" timestamp="15 May 2021 21:37:22 GMT">
  <testcase classname="com.miro.tests.TestLogin" name="login" time="5.056"/>
  <testcase classname="com.miro.tests.TestError" name="EmailError" time="8.716"/>
  <testcase classname="com.miro.tests.TestError" name="PasswordError" time="3.061"/>
</testsuite> <!-- Surefire test -->
