<?xml version="1.0" encoding="UTF-8"?>
<testsuite xmlns:xsi="http://www.w3.org/2001/XMLSchema-instance" xsi:noNamespaceSchemaLocation="https://maven.apache.org/surefire/maven-surefire-plugin/xsd/surefire-test-report.xsd" name="TestSuite" time="32.337" tests="3" errors="0" skipped="0" failures="0">
  <properties>
[...]
</properties>
  <testcase name="login" classname="com.miro.tests.TestLogin" time="5.056"/>
  <testcase name="EmailError" classname="com.miro.tests.TestError" time="8.716"/>
  <testcase name="PasswordError" classname="com.miro.tests.TestError" time="3.061"/>
</testsuite>