<?xml version="1.0" encoding="UTF-8"?>
<testng-results ignored="0" total="3" passed="3" failed="0" skipped="0">
  <reporter-output>
  </reporter-output>
  <suite started-at="2021-05-15T21:36:55Z" name="Surefire suite" finished-at="2021-05-15T21:37:17Z" duration-ms="21156">
    <groups>
    </groups>
    <test started-at="2021-05-15T21:36:55Z" name="Surefire test" finished-at="2021-05-15T21:37:17Z" duration-ms="21156">
      <class name="com.miro.tests.TestError">
        <test-method is-config="true" signature="setUp()[pri:0, instance:com.miro.tests.TestError@53b7ce6]" started-at="2021-05-15T23:37:03Z" name="setUp" finished-at="2021-05-15T23:37:04Z" duration-ms="1054" status="PASS">
          <reporter-output>
          </reporter-output>
        </test-method> <!-- setUp -->
        <test-method signature="EmailError()[pri:0, instance:com.miro.tests.TestError@53b7ce6]" started-at="2021-05-15T23:37:04Z" name="EmailError" finished-at="2021-05-15T23:37:12Z" duration-ms="8716" status="PASS">
          <reporter-output>
          </reporter-output>
        </test-method> <!-- EmailError -->
        <test-method is-config="true" signature="teardown()[pri:0, instance:com.miro.tests.TestError@53b7ce6]" started-at="2021-05-15T23:37:12Z" name="teardown" finished-at="2021-05-15T23:37:12Z" duration-ms="0" status="PASS">
          <reporter-output>
          </reporter-output>
        </test-method> <!-- teardown -->
        <test-method is-config="true" signature="setUp()[pri:0, instance:com.miro.tests.TestError@53b7ce6]" started-at="2021-05-15T23:37:12Z" name="setUp" finished-at="2021-05-15T23:37:14Z" duration-ms="1108" status="PASS">
          <reporter-output>
          </reporter-output>
        </test-method> <!-- setUp -->
        <test-method signature="PasswordError()[pri:0, instance:com.miro.tests.TestError@53b7ce6]" started-at="2021-05-15T23:37:14Z" name="PasswordError" finished-at="2021-05-15T23:37:17Z" duration-ms="3061" status="PASS">
          <reporter-output>
          </reporter-output>
        </test-method> <!-- PasswordError -->
        <test-method is-config="true" signature="teardown()[pri:0, instance:com.miro.tests.TestError@53b7ce6]" started-at="2021-05-15T23:37:17Z" name="teardown" finished-at="2021-05-15T23:37:17Z" duration-ms="19" status="PASS">
          <reporter-output>
          </reporter-output>
        </test-method> <!-- teardown -->
      </class> <!-- com.miro.tests.TestError -->
      <class name="com.miro.tests.TestLogin">
        <test-method is-config="true" signature="setUp()[pri:0, instance:com.miro.tests.TestLogin@517a2b0]" started-at="2021-05-15T23:36:55Z" name="setUp" finished-at="2021-05-15T23:36:57Z" duration-ms="2026" status="PASS">
          <reporter-output>
          </reporter-output>
        </test-method> <!-- setUp -->
        <test-method signature="login()[pri:0, instance:com.miro.tests.TestLogin@517a2b0]" started-at="2021-05-15T23:36:58Z" name="login" finished-at="2021-05-15T23:37:03Z" duration-ms="5056" status="PASS">
          <reporter-output>
          </reporter-output>
        </test-method> <!-- login -->
        <test-method is-config="true" signature="teardown()[pri:0, instance:com.miro.tests.TestLogin@517a2b0]" started-at="2021-05-15T23:37:03Z" name="teardown" finished-at="2021-05-15T23:37:03Z" duration-ms="0" status="PASS">
          <reporter-output>
          </reporter-output>
        </test-method> <!-- teardown -->
      </class> <!-- com.miro.tests.TestLogin -->
    </test> <!-- Surefire test -->
  </suite> <!-- Surefire suite -->
</testng-results>
